<?xml version="1.0" encoding="UTF-8"?>
<testsuite xmlns:xsi="http://www.w3.org/2001/XMLSchema-instance" xsi:noNamespaceSchemaLocation="https://maven.apache.org/surefire/maven-surefire-plugin/xsd/surefire-test-report-3.0.xsd" version="3.0" name="com.cybertek.runners.CukesRunner" time="21.947" tests="7" errors="0" skipped="0" failures="0">
  <properties>
    <property name="gopherProxySet" value="false"/>
    <property name="awt.toolkit" value="sun.lwawt.macosx.LWCToolkit"/>
    <property name="file.encoding.pkg" value="sun.io"/>
    <property name="java.specification.version" value="1.8"/>
    <property name="sun.cpu.isalist" value=""/>
    <property name="sun.jnu.encoding" value="UTF-8"/>
    <property name="java.class.path" value="/Users/mariammawed/IdeaProjects/cybertek22-cucumber-junit.git/target/test-classes:/Users/mariammawed/IdeaProjects/cybertek22-cucumber-junit.git/target/classes:/Users/mariammawed/.m2/repository/org/seleniumhq/selenium/selenium-java/3.141.59/selenium-java-3.141.59.jar:/Users/mariammawed/.m2/repository/org/seleniumhq/selenium/selenium-api/3.141.59/selenium-api-3.141.59.jar:/Users/mariammawed/.m2/repository/org/seleniumhq/selenium/selenium-chrome-driver/3.141.59/selenium-chrome-driver-3.141.59.jar:/Users/mariammawed/.m2/repository/org/seleniumhq/selenium/selenium-edge-driver/3.141.59/selenium-edge-driver-3.141.59.jar:/Users/mariammawed/.m2/repository/org/seleniumhq/selenium/selenium-firefox-driver/3.141.59/selenium-firefox-driver-3.141.59.jar:/Users/mariammawed/.m2/repository/org/seleniumhq/selenium/selenium-ie-driver/3.141.59/selenium-ie-driver-3.141.59.jar:/Users/mariammawed/.m2/repository/org/seleniumhq/selenium/selenium-opera-driver/3.141.59/selenium-opera-driver-3.141.59.jar:/Users/mariammawed/.m2/repository/org/seleniumhq/selenium/selenium-remote-driver/3.141.59/selenium-remote-driver-3.141.59.jar:/Users/mariammawed/.m2/repository/org/seleniumhq/selenium/selenium-safari-driver/3.141.59/selenium-safari-driver-3.141.59.jar:/Users/mariammawed/.m2/repository/org/seleniumhq/selenium/selenium-support/3.141.59/selenium-support-3.141.59.jar:/Users/mariammawed/.m2/repository/net/bytebuddy/byte-buddy/1.8.15/byte-buddy-1.8.15.jar:/Users/mariammawed/.m2/repository/org/apache/commons/commons-exec/1.3/commons-exec-1.3.jar:/Users/mariammawed/.m2/repository/com/google/guava/guava/25.0-jre/guava-25.0-jre.jar:/Users/mariammawed/.m2/repository/com/google/code/findbugs/jsr305/1.3.9/jsr305-1.3.9.jar:/Users/mariammawed/.m2/repository/org/checkerframework/checker-compat-qual/2.0.0/checker-compat-qual-2.0.0.jar:/Users/mariammawed/.m2/repository/com/google/errorprone/error_prone_annotations/2.1.3/error_prone_annotations-2.1.3.jar:/Users/mariammawed/.m2/repository/com/google/j2objc/j2objc-annotations/1.1/j2objc-annotations-1.1.jar:/Users/mariammawed/.m2/repository/org/codehaus/mojo/animal-sniffer-annotations/1.14/animal-sniffer-annotations-1.14.jar:/Users/mariammawed/.m2/repository/com/squareup/okhttp3/okhttp/3.11.0/okhttp-3.11.0.jar:/Users/mariammawed/.m2/repository/com/squareup/okio/okio/1.14.0/okio-1.14.0.jar:/Users/mariammawed/.m2/repository/io/github/bonigarcia/webdrivermanager/4.4.1/webdrivermanager-4.4.1.jar:/Users/mariammawed/.m2/repository/org/slf4j/slf4j-api/1.7.30/slf4j-api-1.7.30.jar:/Users/mariammawed/.m2/repository/commons-io/commons-io/2.8.0/commons-io-2.8.0.jar:/Users/mariammawed/.m2/repository/com/google/code/gson/gson/2.8.6/gson-2.8.6.jar:/Users/mariammawed/.m2/repository/org/apache/commons/commons-lang3/3.12.0/commons-lang3-3.12.0.jar:/Users/mariammawed/.m2/repository/org/apache/httpcomponents/client5/httpclient5/5.0.3/httpclient5-5.0.3.jar:/Users/mariammawed/.m2/repository/org/apache/httpcomponents/core5/httpcore5/5.0.2/httpcore5-5.0.2.jar:/Users/mariammawed/.m2/repository/org/apache/httpcomponents/core5/httpcore5-h2/5.0.2/httpcore5-h2-5.0.2.jar:/Users/mariammawed/.m2/repository/commons-codec/commons-codec/1.13/commons-codec-1.13.jar:/Users/mariammawed/.m2/repository/org/rauschig/jarchivelib/1.1.0/jarchivelib-1.1.0.jar:/Users/mariammawed/.m2/repository/org/apache/commons/commons-compress/1.20/commons-compress-1.20.jar:/Users/mariammawed/.m2/repository/org/jsoup/jsoup/1.13.1/jsoup-1.13.1.jar:/Users/mariammawed/.m2/repository/com/github/javafaker/javafaker/1.0.2/javafaker-1.0.2.jar:/Users/mariammawed/.m2/repository/org/yaml/snakeyaml/1.23/snakeyaml-1.23-android.jar:/Users/mariammawed/.m2/repository/com/github/mifmif/generex/1.0.2/generex-1.0.2.jar:/Users/mariammawed/.m2/repository/dk/brics/automaton/automaton/1.11-8/automaton-1.11-8.jar:/Users/mariammawed/.m2/repository/io/cucumber/cucumber-java/6.10.4/cucumber-java-6.10.4.jar:/Users/mariammawed/.m2/repository/io/cucumber/cucumber-core/6.10.4/cucumber-core-6.10.4.jar:/Users/mariammawed/.m2/repository/io/cucumber/cucumber-gherkin/6.10.4/cucumber-gherkin-6.10.4.jar:/Users/mariammawed/.m2/repository/io/cucumber/cucumber-gherkin-messages/6.10.4/cucumber-gherkin-messages-6.10.4.jar:/Users/mariammawed/.m2/repository/io/cucumber/messages/15.0.0/messages-15.0.0.jar:/Users/mariammawed/.m2/repository/io/cucumber/tag-expressions/3.0.1/tag-expressions-3.0.1.jar:/Users/mariammawed/.m2/repository/io/cucumber/cucumber-expressions/10.3.0/cucumber-expressions-10.3.0.jar:/Users/mariammawed/.m2/repository/io/cucumber/datatable/3.5.0/datatable-3.5.0.jar:/Users/mariammawed/.m2/repository/io/cucumber/cucumber-plugin/6.10.4/cucumber-plugin-6.10.4.jar:/Users/mariammawed/.m2/repository/io/cucumber/docstring/6.10.4/docstring-6.10.4.jar:/Users/mariammawed/.m2/repository/io/cucumber/html-formatter/13.0.0/html-formatter-13.0.0.jar:/Users/mariammawed/.m2/repository/io/cucumber/create-meta/4.0.0/create-meta-4.0.0.jar:/Users/mariammawed/.m2/repository/org/apiguardian/apiguardian-api/1.1.1/apiguardian-api-1.1.1.jar:/Users/mariammawed/.m2/repository/io/cucumber/cucumber-junit/6.10.4/cucumber-junit-6.10.4.jar:/Users/mariammawed/.m2/repository/junit/junit/4.13.2/junit-4.13.2.jar:/Users/mariammawed/.m2/repository/org/hamcrest/hamcrest-core/1.3/hamcrest-core-1.3.jar:"/>
    <property name="java.vm.vendor" value="Oracle Corporation"/>
    <property name="sun.arch.data.model" value="64"/>
    <property name="java.vendor.url" value="http://java.oracle.com/"/>
    <property name="user.timezone" value=""/>
    <property name="java.vm.specification.version" value="1.8"/>
    <property name="os.name" value="Mac OS X"/>
    <property name="user.country" value="US"/>
    <property name="sun.java.launcher" value="SUN_STANDARD"/>
    <property name="sun.boot.library.path" value="/Library/Java/JavaVirtualMachines/jdk1.8.0_231.jdk/Contents/Home/jre/lib"/>
    <property name="sun.java.command" value="/Users/mariammawed/IdeaProjects/cybertek22-cucumber-junit.git/target/surefire/surefirebooter3037500669123805774.jar /Users/mariammawed/IdeaProjects/cybertek22-cucumber-junit.git/target/surefire 2021-07-24T16-22-20_726-jvmRun1 surefire3701062143413180981tmp surefire_07159832483493429970tmp"/>
    <property name="http.nonProxyHosts" value="local|*.local|169.254/16|*.169.254/16"/>
    <property name="surefire.test.class.path" value="/Users/mariammawed/IdeaProjects/cybertek22-cucumber-junit.git/target/test-classes:/Users/mariammawed/IdeaProjects/cybertek22-cucumber-junit.git/target/classes:/Users/mariammawed/.m2/repository/org/seleniumhq/selenium/selenium-java/3.141.59/selenium-java-3.141.59.jar:/Users/mariammawed/.m2/repository/org/seleniumhq/selenium/selenium-api/3.141.59/selenium-api-3.141.59.jar:/Users/mariammawed/.m2/repository/org/seleniumhq/selenium/selenium-chrome-driver/3.141.59/selenium-chrome-driver-3.141.59.jar:/Users/mariammawed/.m2/repository/org/seleniumhq/selenium/selenium-edge-driver/3.141.59/selenium-edge-driver-3.141.59.jar:/Users/mariammawed/.m2/repository/org/seleniumhq/selenium/selenium-firefox-driver/3.141.59/selenium-firefox-driver-3.141.59.jar:/Users/mariammawed/.m2/repository/org/seleniumhq/selenium/selenium-ie-driver/3.141.59/selenium-ie-driver-3.141.59.jar:/Users/mariammawed/.m2/repository/org/seleniumhq/selenium/selenium-opera-driver/3.141.59/selenium-opera-driver-3.141.59.jar:/Users/mariammawed/.m2/repository/org/seleniumhq/selenium/selenium-remote-driver/3.141.59/selenium-remote-driver-3.141.59.jar:/Users/mariammawed/.m2/repository/org/seleniumhq/selenium/selenium-safari-driver/3.141.59/selenium-safari-driver-3.141.59.jar:/Users/mariammawed/.m2/repository/org/seleniumhq/selenium/selenium-support/3.141.59/selenium-support-3.141.59.jar:/Users/mariammawed/.m2/repository/net/bytebuddy/byte-buddy/1.8.15/byte-buddy-1.8.15.jar:/Users/mariammawed/.m2/repository/org/apache/commons/commons-exec/1.3/commons-exec-1.3.jar:/Users/mariammawed/.m2/repository/com/google/guava/guava/25.0-jre/guava-25.0-jre.jar:/Users/mariammawed/.m2/repository/com/google/code/findbugs/jsr305/1.3.9/jsr305-1.3.9.jar:/Users/mariammawed/.m2/repository/org/checkerframework/checker-compat-qual/2.0.0/checker-compat-qual-2.0.0.jar:/Users/mariammawed/.m2/repository/com/google/errorprone/error_prone_annotations/2.1.3/error_prone_annotations-2.1.3.jar:/Users/mariammawed/.m2/repository/com/google/j2objc/j2objc-annotations/1.1/j2objc-annotations-1.1.jar:/Users/mariammawed/.m2/repository/org/codehaus/mojo/animal-sniffer-annotations/1.14/animal-sniffer-annotations-1.14.jar:/Users/mariammawed/.m2/repository/com/squareup/okhttp3/okhttp/3.11.0/okhttp-3.11.0.jar:/Users/mariammawed/.m2/repository/com/squareup/okio/okio/1.14.0/okio-1.14.0.jar:/Users/mariammawed/.m2/repository/io/github/bonigarcia/webdrivermanager/4.4.1/webdrivermanager-4.4.1.jar:/Users/mariammawed/.m2/repository/org/slf4j/slf4j-api/1.7.30/slf4j-api-1.7.30.jar:/Users/mariammawed/.m2/repository/commons-io/commons-io/2.8.0/commons-io-2.8.0.jar:/Users/mariammawed/.m2/repository/com/google/code/gson/gson/2.8.6/gson-2.8.6.jar:/Users/mariammawed/.m2/repository/org/apache/commons/commons-lang3/3.12.0/commons-lang3-3.12.0.jar:/Users/mariammawed/.m2/repository/org/apache/httpcomponents/client5/httpclient5/5.0.3/httpclient5-5.0.3.jar:/Users/mariammawed/.m2/repository/org/apache/httpcomponents/core5/httpcore5/5.0.2/httpcore5-5.0.2.jar:/Users/mariammawed/.m2/repository/org/apache/httpcomponents/core5/httpcore5-h2/5.0.2/httpcore5-h2-5.0.2.jar:/Users/mariammawed/.m2/repository/commons-codec/commons-codec/1.13/commons-codec-1.13.jar:/Users/mariammawed/.m2/repository/org/rauschig/jarchivelib/1.1.0/jarchivelib-1.1.0.jar:/Users/mariammawed/.m2/repository/org/apache/commons/commons-compress/1.20/commons-compress-1.20.jar:/Users/mariammawed/.m2/repository/org/jsoup/jsoup/1.13.1/jsoup-1.13.1.jar:/Users/mariammawed/.m2/repository/com/github/javafaker/javafaker/1.0.2/javafaker-1.0.2.jar:/Users/mariammawed/.m2/repository/org/yaml/snakeyaml/1.23/snakeyaml-1.23-android.jar:/Users/mariammawed/.m2/repository/com/github/mifmif/generex/1.0.2/generex-1.0.2.jar:/Users/mariammawed/.m2/repository/dk/brics/automaton/automaton/1.11-8/automaton-1.11-8.jar:/Users/mariammawed/.m2/repository/io/cucumber/cucumber-java/6.10.4/cucumber-java-6.10.4.jar:/Users/mariammawed/.m2/repository/io/cucumber/cucumber-core/6.10.4/cucumber-core-6.10.4.jar:/Users/mariammawed/.m2/repository/io/cucumber/cucumber-gherkin/6.10.4/cucumber-gherkin-6.10.4.jar:/Users/mariammawed/.m2/repository/io/cucumber/cucumber-gherkin-messages/6.10.4/cucumber-gherkin-messages-6.10.4.jar:/Users/mariammawed/.m2/repository/io/cucumber/messages/15.0.0/messages-15.0.0.jar:/Users/mariammawed/.m2/repository/io/cucumber/tag-expressions/3.0.1/tag-expressions-3.0.1.jar:/Users/mariammawed/.m2/repository/io/cucumber/cucumber-expressions/10.3.0/cucumber-expressions-10.3.0.jar:/Users/mariammawed/.m2/repository/io/cucumber/datatable/3.5.0/datatable-3.5.0.jar:/Users/mariammawed/.m2/repository/io/cucumber/cucumber-plugin/6.10.4/cucumber-plugin-6.10.4.jar:/Users/mariammawed/.m2/repository/io/cucumber/docstring/6.10.4/docstring-6.10.4.jar:/Users/mariammawed/.m2/repository/io/cucumber/html-formatter/13.0.0/html-formatter-13.0.0.jar:/Users/mariammawed/.m2/repository/io/cucumber/create-meta/4.0.0/create-meta-4.0.0.jar:/Users/mariammawed/.m2/repository/org/apiguardian/apiguardian-api/1.1.1/apiguardian-api-1.1.1.jar:/Users/mariammawed/.m2/repository/io/cucumber/cucumber-junit/6.10.4/cucumber-junit-6.10.4.jar:/Users/mariammawed/.m2/repository/junit/junit/4.13.2/junit-4.13.2.jar:/Users/mariammawed/.m2/repository/org/hamcrest/hamcrest-core/1.3/hamcrest-core-1.3.jar:"/>
    <property name="sun.cpu.endian" value="little"/>
    <property name="user.home" value="/Users/mariammawed"/>
    <property name="user.language" value="en"/>
    <property name="java.specification.vendor" value="Oracle Corporation"/>
    <property name="java.home" value="/Library/Java/JavaVirtualMachines/jdk1.8.0_231.jdk/Contents/Home/jre"/>
    <property name="basedir" value="/Users/mariammawed/IdeaProjects/cybertek22-cucumber-junit.git"/>
    <property name="file.separator" value="/"/>
    <property name="line.separator" value="&#10;"/>
    <property name="java.vm.specification.vendor" value="Oracle Corporation"/>
    <property name="java.specification.name" value="Java Platform API Specification"/>
    <property name="java.awt.graphicsenv" value="sun.awt.CGraphicsEnvironment"/>
    <property name="surefire.real.class.path" value="/Users/mariammawed/IdeaProjects/cybertek22-cucumber-junit.git/target/surefire/surefirebooter3037500669123805774.jar"/>
    <property name="sun.boot.class.path" value="/Library/Java/JavaVirtualMachines/jdk1.8.0_231.jdk/Contents/Home/jre/lib/resources.jar:/Library/Java/JavaVirtualMachines/jdk1.8.0_231.jdk/Contents/Home/jre/lib/rt.jar:/Library/Java/JavaVirtualMachines/jdk1.8.0_231.jdk/Contents/Home/jre/lib/sunrsasign.jar:/Library/Java/JavaVirtualMachines/jdk1.8.0_231.jdk/Contents/Home/jre/lib/jsse.jar:/Library/Java/JavaVirtualMachines/jdk1.8.0_231.jdk/Contents/Home/jre/lib/jce.jar:/Library/Java/JavaVirtualMachines/jdk1.8.0_231.jdk/Contents/Home/jre/lib/charsets.jar:/Library/Java/JavaVirtualMachines/jdk1.8.0_231.jdk/Contents/Home/jre/lib/jfr.jar:/Library/Java/JavaVirtualMachines/jdk1.8.0_231.jdk/Contents/Home/jre/classes"/>
    <property name="sun.management.compiler" value="HotSpot 64-Bit Tiered Compilers"/>
    <property name="ftp.nonProxyHosts" value="local|*.local|169.254/16|*.169.254/16"/>
    <property name="java.runtime.version" value="1.8.0_231-b11"/>
    <property name="user.name" value="mariammawed"/>
    <property name="path.separator" value=":"/>
    <property name="os.version" value="10.14.6"/>
    <property name="java.endorsed.dirs" value="/Library/Java/JavaVirtualMachines/jdk1.8.0_231.jdk/Contents/Home/jre/lib/endorsed"/>
    <property name="java.runtime.name" value="Java(TM) SE Runtime Environment"/>
    <property name="file.encoding" value="UTF-8"/>
    <property name="java.vm.name" value="Java HotSpot(TM) 64-Bit Server VM"/>
    <property name="localRepository" value="/Users/mariammawed/.m2/repository"/>
    <property name="java.vendor.url.bug" value="http://bugreport.sun.com/bugreport/"/>
    <property name="java.io.tmpdir" value="/var/folders/6d/6pphrpdx6sbcpd8d_hvk_h8h0000gp/T/"/>
    <property name="idea.version" value="2021.1.2"/>
    <property name="java.version" value="1.8.0_231"/>
    <property name="user.dir" value="/Users/mariammawed/IdeaProjects/cybertek22-cucumber-junit.git"/>
    <property name="os.arch" value="x86_64"/>
    <property name="java.vm.specification.name" value="Java Virtual Machine Specification"/>
    <property name="java.awt.printerjob" value="sun.lwawt.macosx.CPrinterJob"/>
    <property name="sun.os.patch.level" value="unknown"/>
    <property name="java.library.path" value="/Users/mariammawed/Library/Java/Extensions:/Library/Java/Extensions:/Network/Library/Java/Extensions:/System/Library/Java/Extensions:/usr/lib/java:."/>
    <property name="java.vm.info" value="mixed mode"/>
    <property name="java.vendor" value="Oracle Corporation"/>
    <property name="java.vm.version" value="25.231-b11"/>
    <property name="java.ext.dirs" value="/Users/mariammawed/Library/Java/Extensions:/Library/Java/JavaVirtualMachines/jdk1.8.0_231.jdk/Contents/Home/jre/lib/ext:/Library/Java/Extensions:/Network/Library/Java/Extensions:/System/Library/Java/Extensions:/usr/lib/java"/>
    <property name="sun.io.unicode.encoding" value="UnicodeBig"/>
    <property name="java.class.version" value="52.0"/>
    <property name="socksNonProxyHosts" value="local|*.local|169.254/16|*.169.254/16"/>
  </properties>
  <testcase name="Wikipedia Search Functionality Header Verification #2" classname="Wikipedia search functionality" time="8.78">
    <system-out><![CDATA[______set up browser with further________ 
_________setUp applying for each step_________
________tear down applying for each step__________
_________setUp applying for each step_________
________tear down applying for each step__________
_________setUp applying for each step_________
________tear down applying for each step__________
_________setUp applying for each step_________
________tear down applying for each step__________
_________setUp applying for each step_________
________tear down applying for each step__________
__________tear down steps are being applied__________
]]></system-out>
    <system-err><![CDATA[SLF4J: Failed to load class "org.slf4j.impl.StaticLoggerBinder".
SLF4J: Defaulting to no-operation (NOP) logger implementation
SLF4J: See http://www.slf4j.org/codes.html#StaticLoggerBinder for further details.
Starting ChromeDriver 92.0.4515.43 (8c61b7e2989f2990d42f859cac71319137787cce-refs/branch-heads/4515@{#306}) on port 25597
Only local connections are allowed.
Please see https://chromedriver.chromium.org/security-considerations for suggestions on keeping ChromeDriver safe.
ChromeDriver was started successfully.
Jul 24, 2021 4:22:29 PM org.openqa.selenium.remote.ProtocolHandshake createSession
INFO: Detected dialect: W3C
]]></system-err>
  </testcase>
  <testcase name="Wikipedia Search Functionality Header Verification #3" classname="Wikipedia search functionality" time="2.288">
    <system-out><![CDATA[______set up browser with further________ 
_________setUp applying for each step_________
________tear down applying for each step__________
_________setUp applying for each step_________
________tear down applying for each step__________
_________setUp applying for each step_________
________tear down applying for each step__________
_________setUp applying for each step_________
________tear down applying for each step__________
_________setUp applying for each step_________
________tear down applying for each step__________
__________tear down steps are being applied__________
]]></system-out>
  </testcase>
  <testcase name="Wikipedia Search Functionality Header Verification #4" classname="Wikipedia search functionality" time="2.417">
    <system-out><![CDATA[______set up browser with further________ 
_________setUp applying for each step_________
________tear down applying for each step__________
_________setUp applying for each step_________
________tear down applying for each step__________
_________setUp applying for each step_________
________tear down applying for each step__________
_________setUp applying for each step_________
________tear down applying for each step__________
_________setUp applying for each step_________
________tear down applying for each step__________
__________tear down steps are being applied__________
]]></system-out>
  </testcase>
  <testcase name="Wikipedia Search Functionality Header Verification #5" classname="Wikipedia search functionality" time="1.733">
    <system-out><![CDATA[______set up browser with further________ 
_________setUp applying for each step_________
________tear down applying for each step__________
_________setUp applying for each step_________
________tear down applying for each step__________
_________setUp applying for each step_________
________tear down applying for each step__________
_________setUp applying for each step_________
________tear down applying for each step__________
_________setUp applying for each step_________
________tear down applying for each step__________
__________tear down steps are being applied__________
]]></system-out>
  </testcase>
  <testcase name="Wikipedia Search Functionality Header Verification #6" classname="Wikipedia search functionality" time="1.574">
    <system-out><![CDATA[______set up browser with further________ 
_________setUp applying for each step_________
________tear down applying for each step__________
_________setUp applying for each step_________
________tear down applying for each step__________
_________setUp applying for each step_________
________tear down applying for each step__________
_________setUp applying for each step_________
________tear down applying for each step__________
_________setUp applying for each step_________
________tear down applying for each step__________
__________tear down steps are being applied__________
]]></system-out>
  </testcase>
  <testcase name="Wikipedia Search Functionality Header Verification #7" classname="Wikipedia search functionality" time="1.665">
    <system-out><![CDATA[______set up browser with further________ 
_________setUp applying for each step_________
________tear down applying for each step__________
_________setUp applying for each step_________
________tear down applying for each step__________
_________setUp applying for each step_________
________tear down applying for each step__________
_________setUp applying for each step_________
________tear down applying for each step__________
_________setUp applying for each step_________
________tear down applying for each step__________
__________tear down steps are being applied__________
]]></system-out>
  </testcase>
  <testcase name="Wikipedia Search Functionality Header Verification #8" classname="Wikipedia search functionality" time="1.447">
    <system-out><![CDATA[______set up browser with further________ 
_________setUp applying for each step_________
________tear down applying for each step__________
_________setUp applying for each step_________
________tear down applying for each step__________
_________setUp applying for each step_________
________tear down applying for each step__________
_________setUp applying for each step_________
________tear down applying for each step__________
_________setUp applying for each step_________
________tear down applying for each step__________
__________tear down steps are being applied__________
]]></system-out>
  </testcase>
</testsuite>